C51 COMPILER V9.59.0.0   ISR                                                               04/10/2020 16:40:32 PAGE 1   


C51 COMPILER V9.59.0.0, COMPILATION OF MODULE ISR
OBJECT MODULE PLACED IN .\Objects\ISR.obj
COMPILER INVOKED BY: C:\Keil_v5\C51\BIN\C51.EXE Code\Basic\ISR.c OMF2 OPTIMIZE(9,SPEED) BROWSE MODP2 INCDIR(.\Code\Basic
                    -\def;.\Code\Basic\delay;.\Code\Basic\init;.\Code\Basic\uart;.\Code\Gizwits;.\Code\Sensor\DS18B20;.\Code\Sensor\LCD1602) 
                    -DEBUG PRINT(.\Listings\ISR.lst) OBJECT(.\Objects\ISR.obj)

line level    source

   1          #include "GizwitsHandle.h"
   2          #include "MCUdef.h"
   3          #include "delay.h"
   4          #include "uart.h"
   5          //------------------------------------------------------------------------------------------------//
   6          #ifdef _ISR0_
              void INT0_ISR(void) interrupt 0
              {
              }
              #endif
  11          #ifdef _ISR1_
  12          void TM0_ISR(void) interrupt 1
  13          {
  14   1          ++(GizwitsST.GizwitsSysMs); //更新系统时间 ms
  15   1      }
  16          #endif
  17          #ifdef _ISR2_
              void INT1_ISR(void) interrupt 2
              {
              }
              #endif
  22          #ifdef _ISR3_
              void TM1_ISR(void) interrupt 3
              {
              }
              #endif
  27          #ifdef _ISR4_
  28          void UART1_ISR(void) interrupt 4
  29          {
  30   1          if (TI)
  31   1              TI = 0, uart1_busy = false;
  32   1      }
  33          #endif
  34          #ifdef _ISR5_
              void ADC_ISR(void) interrupt 5
              {
              }
              #endif
  39          #ifdef _ISR6_
              void LVD_ISR(void) interrupt 6
              {
              }
              #endif
  44          #ifdef _ISR7_
              void PCA_ISR(void) interrupt 7
              {
              }
              #endif
  49          #ifdef _ISR8_
              void UART2_ISR(void) interrupt 8
              {
              }
              #endif
C51 COMPILER V9.59.0.0   ISR                                                               04/10/2020 16:40:32 PAGE 2   

  54          #ifdef _ISR9_
              void SPI_ISR(void) interrupt 9
              {
              }
              #endif
  59          #ifdef _ISR10_
              void INT2_ISR(void) interrupt 10
              {
              }
              #endif
  64          #ifdef _ISR11_
              void INT3_ISR(void) interrupt 11
              {
              }
              #endif
  69          #ifdef _ISR12_
              void TM2_ISR(void) interrupt 12
              {
              }
              #endif
  74          #ifdef _ISR13_
              void INT4_ISR(void) interrupt 16
              {
              }
              #endif
  79          #ifdef _ISR14_
              void UART3_ISR(void) interrupt 17
              {
              }
              #endif
  84          #ifdef _ISR15_
  85          void UART4_ISR(void) interrupt 18
  86          {
  87   1          if (S4CON & S4RI)
  88   1          {
  89   2              S4CON &= ~S4RI;
  90   2              LED_GREEN = 1;
  91   2              if ((uart4_idx2 + 1) % uart4_buffer_size == uart4_idx1) //串口缓冲区已满,放弃当前数据
  92   2              {                                                       //不能打印日志,可能导致堆栈错误
  93   3                  LED_GREEN = 0;                                      //亮绿灯表示串口缓冲区已满负荷
  94   3                  return;
  95   3              }
  96   2              uart4_buffer[uart4_idx2] = S4BUF;
  97   2              if (uart4_idx2 + 1 == uart4_buffer_size)
  98   2                  uart4_idx2 = 0;
  99   2              else
 100   2                  ++uart4_idx2;
 101   2          }
 102   1          else
 103   1              S4CON &= ~S4TI, uart4_busy = false;
 104   1      }
 105          #endif
 106          #ifdef _ISR16_
              void TM3_ISR(void) interrupt 19
              {
              }
              #endif
 111          #ifdef _ISR17_
              void TM4_ISR(void) interrupt 20
              {
              }
              #endif
C51 COMPILER V9.59.0.0   ISR                                                               04/10/2020 16:40:32 PAGE 3   

 116          #ifdef _ISR18_
              void CMP_ISR(void) interrupt 21
              {
              }
              #endif
 121          #ifdef _ISR19_
              void PWM_ISR(void) interrupt 22
              {
              }
              #endif
 126          #ifdef _ISR20_
              void PWMFD_ISR(void) interrupt 23
              {
              }
              #endif
 131          #ifdef _ISR21_
              void I2C_ISR(void) interrupt 24
              {
              }
              //------------------------------------------------------------------------------------------------//
              #endif


MODULE INFORMATION:   STATIC OVERLAYABLE
   CODE SIZE        =    267    ----
   CONSTANT SIZE    =   ----    ----
   XDATA SIZE       =   ----    ----
   PDATA SIZE       =   ----    ----
   DATA SIZE        =   ----    ----
   IDATA SIZE       =   ----    ----
   BIT SIZE         =   ----    ----
   EDATA SIZE       =   ----    ----
   HDATA SIZE       =   ----    ----
   XDATA CONST SIZE =   ----    ----
   FAR CONST SIZE   =   ----    ----
END OF MODULE INFORMATION.


C51 COMPILATION COMPLETE.  0 WARNING(S),  0 ERROR(S)
