C51 COMPILER V9.59.0.0   LCD1602                                                           04/10/2020 16:40:33 PAGE 1   


C51 COMPILER V9.59.0.0, COMPILATION OF MODULE LCD1602
OBJECT MODULE PLACED IN .\Objects\LCD1602.obj
COMPILER INVOKED BY: C:\Keil_v5\C51\BIN\C51.EXE Code\Sensor\LCD1602\LCD1602.c OMF2 OPTIMIZE(9,SPEED) BROWSE MODP2 INCDIR
                    -(.\Code\Basic\def;.\Code\Basic\delay;.\Code\Basic\init;.\Code\Basic\uart;.\Code\Gizwits;.\Code\Sensor\DS18B20;.\Code\Sen
                    -sor\LCD1602) DEBUG PRINT(.\Listings\LCD1602.lst) OBJECT(.\Objects\LCD1602.obj)

line level    source

   1          #include "LCD1602.h"
   2          //------------------------------------------------------------------------------------------------//
   3          //自制字模
   4          code uchar LCD1602Word_Temperature[8]={0x10,0x06,0x09,0x08,0x08,0x09,0x06,0x00};//摄氏度单位,CGRAM=0
   5          code uchar LCD1602Word_Heart[8]={0x00,0x0A,0x1F,0x1F,0x0E,0x04,0x00,0x00};//爱心,CGRAM=1
   6          //------------------------------------------------------------------------------------------------//
   7          static void LCD1602Wait(void); //等待LCD1602空闲
   8          static void LCD1602LoadWord(uchar Idx,const uchar *Word);//加载字模到CGRAM
   9          static void LCD1602SetCGRAM(uchar idx); //0x00-0x07,修改CGRAM位置(自制字模RAM位置)
  10          //------------------------------------------------------------------------------------------------//
  11          void LCD1602Init(void) //初始化LCD1602
  12          {
  13   1              LCD1602_EN = 0;//保持不操作时拉低EN
  14   1          LCD1602WriteCmdOrData(LCD1602Data8Dis2Mat5x7, 0);
  15   1          LCD1602WriteCmdOrData(LCD1602NotCur, 0);
  16   1          LCD1602WriteCmdOrData(LCD1602CurRight, 0);
  17   1          LCD1602WriteCmdOrData(LCD1602CleanScr, 0);
  18   1              //加载自制字模
  19   1              LCD1602LoadWord(0,LCD1602Word_Temperature);
  20   1              LCD1602LoadWord(1,LCD1602Word_Heart);
  21   1              LCD1602WriteLine("Ready",false);
  22   1      #if LOGRANK_UART1 >= 2
  23   1          printf("LOG#:LCD1602Init ok\r\n");
  24   1      #endif
  25   1      }
  26          void LCD1602WriteLine(uchar *Str,bool isLine2)//在1/2行写入字符串
  27          {
  28   1              uchar i;
  29   1              isLine2?LCD1602SetDDRAM(0x40):LCD1602SetDDRAM(0x00);
  30   1              for(i=0;Str[i]&&i!=40;++i)
  31   1                      LCD1602WriteCmdOrData(Str[i],1);
  32   1      }
  33          uchar LCD1602ReadIdx(void) //读取当前DDRAM位置(光标位置)
  34          {
  35   1          uchar Idx;
  36   1          LCD1602Wait();
  37   1          LCD1602_RS = 0;
  38   1          LCD1602_RW = 1;
  39   1          LCD1602_EN = 1;
  40   1              LCD1602_DATA=0xFF;
  41   1              delay_us(40);//等待中
  42   1              Idx=LCD1602_DATA;
  43   1          LCD1602_EN = 0;
  44   1          return Idx;
  45   1      }
  46          uchar LCD1602ReadData(void) //读取DDRAM/CGRAM数据
  47          {
  48   1          uchar Data;
  49   1          LCD1602Wait();
  50   1          LCD1602_RS = 1;
  51   1          LCD1602_RW = 1;
  52   1          LCD1602_EN = 1;
  53   1              LCD1602_DATA=0xFF;
C51 COMPILER V9.59.0.0   LCD1602                                                           04/10/2020 16:40:33 PAGE 2   

  54   1              delay_us(40);//等待中
  55   1              Data=LCD1602_DATA;
  56   1              LCD1602_EN = 0;
  57   1          return Data;
  58   1      }
  59          void LCD1602SetDDRAM(uchar idx) //0x00-0x0F-0x27,0x40-0x4F-0x67,修改DDRAM位置(光标位置)
  60          {
  61   1          idx |= 0x80;
  62   1          LCD1602WriteCmdOrData(idx, 0);
  63   1      }
  64          void LCD1602WriteCmdOrData(uchar CmdOrData, bool isData) //写入命令/DDRAM or CGRAM数据
  65          {
  66   1          LCD1602Wait();
  67   1          LCD1602_RS = isData;
  68   1          LCD1602_RW = 0;
  69   1          LCD1602_DATA = CmdOrData;
  70   1          LCD1602_EN = 1;
  71   1          LCD1602_EN = 0;
  72   1      }
  73          //------------------------------------------------------------------------------------------------//
  74          static void LCD1602LoadWord(uchar Idx,const uchar *Word)//加载字模到CGRAM
  75          {
  76   1              uchar i;
  77   1              delay_ms(1);
  78   1              LCD1602SetCGRAM(Idx);
  79   1              for(i=0;i!=8;++i)
  80   1                      LCD1602WriteCmdOrData(Word[i],1);
  81   1      }
  82          static void LCD1602SetCGRAM(uchar idx) //0x00-0x07,修改CGRAM位置(自制字模RAM位置)
  83          {
  84   1          idx &= 0x07, idx <<= 3, idx |= 0x40;
  85   1          LCD1602WriteCmdOrData(idx, 0);
  86   1      }
  87          static void LCD1602Wait(void) //等待LCD1602空闲
  88          {
  89   1          bool isBusy;
  90   1          LCD1602_RS = 0;
  91   1          LCD1602_RW = 1;
  92   1          do
  93   1          {
  94   2              LCD1602_EN = 1;
  95   2                      LCD1602_Busy=1;
  96   2                      delay_us(40);//等待中
  97   2                      isBusy=LCD1602_Busy;
  98   2                      LCD1602_EN = 0;
  99   2          } while (isBusy);
 100   1      }
 101          //------------------------------------------------------------------------------------------------//


MODULE INFORMATION:   STATIC OVERLAYABLE
   CODE SIZE        =    284    ----
   CONSTANT SIZE    =     44    ----
   XDATA SIZE       =   ----    ----
   PDATA SIZE       =   ----    ----
   DATA SIZE        =   ----      10
   IDATA SIZE       =   ----    ----
   BIT SIZE         =   ----       3
   EDATA SIZE       =   ----    ----
   HDATA SIZE       =   ----    ----
   XDATA CONST SIZE =   ----    ----
   FAR CONST SIZE   =   ----    ----
C51 COMPILER V9.59.0.0   LCD1602                                                           04/10/2020 16:40:33 PAGE 3   

END OF MODULE INFORMATION.


C51 COMPILATION COMPLETE.  0 WARNING(S),  0 ERROR(S)
