C51 COMPILER V9.59.0.0   MAIN                                                              04/10/2020 16:40:31 PAGE 1   


C51 COMPILER V9.59.0.0, COMPILATION OF MODULE MAIN
OBJECT MODULE PLACED IN .\Objects\main.obj
COMPILER INVOKED BY: C:\Keil_v5\C51\BIN\C51.EXE Code\main.c OMF2 OPTIMIZE(9,SPEED) BROWSE MODP2 INCDIR(.\Code\Basic\def;
                    -.\Code\Basic\delay;.\Code\Basic\init;.\Code\Basic\uart;.\Code\Gizwits;.\Code\Sensor\DS18B20;.\Code\Sensor\LCD1602) DEBUG
                    - PRINT(.\Listings\main.lst) OBJECT(.\Objects\main.obj)

line level    source

   1          #include "GizwitsHandle.h"
   2          #include "Init.h"
   3          void main(void)
   4          {
   5   1          Init();
   6   1          while (true)
   7   1          {
   8   2              GizwitsMainLoop();
   9   2          }
  10   1      }


MODULE INFORMATION:   STATIC OVERLAYABLE
   CODE SIZE        =      8    ----
   CONSTANT SIZE    =   ----    ----
   XDATA SIZE       =   ----    ----
   PDATA SIZE       =   ----    ----
   DATA SIZE        =   ----    ----
   IDATA SIZE       =   ----    ----
   BIT SIZE         =   ----    ----
   EDATA SIZE       =   ----    ----
   HDATA SIZE       =   ----    ----
   XDATA CONST SIZE =   ----    ----
   FAR CONST SIZE   =   ----    ----
END OF MODULE INFORMATION.


C51 COMPILATION COMPLETE.  0 WARNING(S),  0 ERROR(S)
